<?xml version="1.0" encoding="UTF-8"?>
<!-- Generated by org.testng.reporters.JUnitXMLReporter -->
<testsuite ignored="0" hostname="shivam" failures="1" tests="1" name="signIn Test" time="0.067" errors="0" timestamp="28 Mar 2019 16:26:27 GMT">
  <testcase classname="myorg.tests.SignInTest" name="shouldThrowAnErrorIfSignInDetailsAreMissing" time="0.017">
    <failure type="java.lang.NullPointerException">
      <![CDATA[java.lang.NullPointerException
	at myorg.pages.HomePage.openSignInTab(HomePage.java:13)
	at myorg.tests.SignInTest.shouldThrowAnErrorIfSignInDetailsAreMissing(SignInTest.java:27)
... Removed 25 stack frames]]>
    </failure>
  </testcase> <!-- shouldThrowAnErrorIfSignInDetailsAreMissing -->
</testsuite> <!-- signIn Test -->
